<?xml version="1.0" encoding="UTF-8"?>
<coverage generated="1670524924275" clover="3.2.0">
  <project timestamp="1670524924275" name="All files">
    <metrics statements="8" coveredstatements="8" conditionals="2" coveredconditionals="2" methods="2" coveredmethods="2" elements="12" coveredelements="12" complexity="0" loc="8" ncloc="8" packages="1" files="1" classes="1"/>
    <file name="next-palindromic-number.js" path="E:\teaching-resources\javascript-course\exercises\codewars\next-palindromic-number\next-palindromic-number.js">
      <metrics statements="8" coveredstatements="8" conditionals="2" coveredconditionals="2" methods="2" coveredmethods="2"/>
      <line num="17" count="13" type="stmt"/>
      <line num="18" count="13" type="stmt"/>
      <line num="19" count="101" type="cond" truecount="2" falsecount="0"/>
      <line num="20" count="13" type="stmt"/>
      <line num="22" count="88" type="stmt"/>
      <line num="27" count="101" type="stmt"/>
      <line num="28" count="101" type="stmt"/>
      <line num="31" count="1" type="stmt"/>
    </file>
  </project>
</coverage>
