{"/Users/Ryan/Desktop/Nahum/jobs/programaciochavy/projects/arrimate/canMoveInLine.js": {"path":"/Users/Ryan/Desktop/Nahum/jobs/programaciochavy/projects/arrimate/canMoveInLine.js","statementMap":{"0":{"start":{"line":1,"column":18},"end":{"line":1,"column":43}},"1":{"start":{"line":4,"column":19},"end":{"line":4,"column":51}},"2":{"start":{"line":5,"column":4},"end":{"line":5,"column":34}},"3":{"start":{"line":8,"column":0},"end":{"line":8,"column":31}}},"fnMap":{"0":{"name":"canMoveInLine","decl":{"start":{"line":3,"column":9},"end":{"line":3,"column":22}},"loc":{"start":{"line":3,"column":42},"end":{"line":6,"column":1}},"line":3}},"branchMap":{},"s":{"0":1,"1":0,"2":0,"3":1},"f":{"0":0},"b":{},"_coverageSchema":"1a1c01bbd47fc00a2c39e90264f33305004495a9","hash":"e3cc0397aaad57aa6e0e666c493a2d644789f8d5"}
,"/Users/Ryan/Desktop/Nahum/jobs/programaciochavy/projects/arrimate/countDots.js": {"path":"/Users/Ryan/Desktop/Nahum/jobs/programaciochavy/projects/arrimate/countDots.js","statementMap":{"0":{"start":{"line":1,"column":0},"end":{"line":1,"column":27}},"1":{"start":{"line":4,"column":22},"end":{"line":4,"column":23}},"2":{"start":{"line":5,"column":21},"end":{"line":5,"column":22}},"3":{"start":{"line":6,"column":21},"end":{"line":6,"column":22}},"4":{"start":{"line":7,"column":23},"end":{"line":7,"column":28}},"5":{"start":{"line":8,"column":23},"end":{"line":8,"column":28}},"6":{"start":{"line":10,"column":4},"end":{"line":30,"column":5}},"7":{"start":{"line":10,"column":17},"end":{"line":10,"column":18}},"8":{"start":{"line":11,"column":8},"end":{"line":13,"column":9}},"9":{"start":{"line":12,"column":12},"end":{"line":12,"column":32}},"10":{"start":{"line":15,"column":8},"end":{"line":17,"column":9}},"11":{"start":{"line":16,"column":12},"end":{"line":16,"column":32}},"12":{"start":{"line":19,"column":8},"end":{"line":29,"column":9}},"13":{"start":{"line":20,"column":12},"end":{"line":23,"column":13}},"14":{"start":{"line":21,"column":16},"end":{"line":21,"column":30}},"15":{"start":{"line":22,"column":16},"end":{"line":22,"column":25}},"16":{"start":{"line":24,"column":12},"end":{"line":27,"column":13}},"17":{"start":{"line":25,"column":16},"end":{"line":25,"column":29}},"18":{"start":{"line":26,"column":16},"end":{"line":26,"column":25}},"19":{"start":{"line":28,"column":12},"end":{"line":28,"column":25}},"20":{"start":{"line":32,"column":4},"end":{"line":36,"column":6}}},"fnMap":{"0":{"name":"countDots","decl":{"start":{"line":3,"column":9},"end":{"line":3,"column":18}},"loc":{"start":{"line":3,"column":25},"end":{"line":37,"column":1}},"line":3}},"branchMap":{"0":{"loc":{"start":{"line":11,"column":8},"end":{"line":13,"column":9}},"type":"if","locations":[{"start":{"line":11,"column":8},"end":{"line":13,"column":9}},{"start":{},"end":{}}],"line":11},"1":{"loc":{"start":{"line":15,"column":8},"end":{"line":17,"column":9}},"type":"if","locations":[{"start":{"line":15,"column":8},"end":{"line":17,"column":9}},{"start":{},"end":{}}],"line":15},"2":{"loc":{"start":{"line":19,"column":8},"end":{"line":29,"column":9}},"type":"if","locations":[{"start":{"line":19,"column":8},"end":{"line":29,"column":9}},{"start":{},"end":{}}],"line":19},"3":{"loc":{"start":{"line":20,"column":12},"end":{"line":23,"column":13}},"type":"if","locations":[{"start":{"line":20,"column":12},"end":{"line":23,"column":13}},{"start":{},"end":{}}],"line":20},"4":{"loc":{"start":{"line":24,"column":12},"end":{"line":27,"column":13}},"type":"if","locations":[{"start":{"line":24,"column":12},"end":{"line":27,"column":13}},{"start":{},"end":{}}],"line":24}},"s":{"0":1,"1":0,"2":0,"3":0,"4":0,"5":0,"6":0,"7":0,"8":0,"9":0,"10":0,"11":0,"12":0,"13":0,"14":0,"15":0,"16":0,"17":0,"18":0,"19":0,"20":0},"f":{"0":0},"b":{"0":[0,0],"1":[0,0],"2":[0,0],"3":[0,0],"4":[0,0]},"_coverageSchema":"1a1c01bbd47fc00a2c39e90264f33305004495a9","hash":"b51acba3e992e8fb1a80e7c4cfe421a8fd7c706e"}
}
