{"E:\\teaching-resources\\javascript-course\\exercises\\codewars\\next-palindromic-number\\next-palindromic-number.js": {"path":"E:\\teaching-resources\\javascript-course\\exercises\\codewars\\next-palindromic-number\\next-palindromic-number.js","statementMap":{"0":{"start":{"line":17,"column":28},"end":{"line":17,"column":35}},"1":{"start":{"line":18,"column":4},"end":{"line":23,"column":5}},"2":{"start":{"line":19,"column":8},"end":{"line":21,"column":9}},"3":{"start":{"line":20,"column":12},"end":{"line":20,"column":37}},"4":{"start":{"line":22,"column":8},"end":{"line":22,"column":28}},"5":{"start":{"line":27,"column":27},"end":{"line":27,"column":41}},"6":{"start":{"line":28,"column":4},"end":{"line":28,"column":74}},"7":{"start":{"line":31,"column":0},"end":{"line":31,"column":25}}},"fnMap":{"0":{"name":"nextPal","decl":{"start":{"line":16,"column":9},"end":{"line":16,"column":16}},"loc":{"start":{"line":16,"column":22},"end":{"line":24,"column":1}},"line":16},"1":{"name":"isPalindrome","decl":{"start":{"line":26,"column":9},"end":{"line":26,"column":21}},"loc":{"start":{"line":26,"column":30},"end":{"line":29,"column":1}},"line":26}},"branchMap":{"0":{"loc":{"start":{"line":19,"column":8},"end":{"line":21,"column":9}},"type":"if","locations":[{"start":{"line":19,"column":8},"end":{"line":21,"column":9}},{"start":{},"end":{}}],"line":19}},"s":{"0":13,"1":13,"2":101,"3":13,"4":88,"5":101,"6":101,"7":1},"f":{"0":13,"1":101},"b":{"0":[13,88]},"_coverageSchema":"1a1c01bbd47fc00a2c39e90264f33305004495a9","hash":"fdd94e39dcffa025feb6470e6fb7bd8a345fefb0"}
}
