TN:
SF:projects/arrimate/canMoveInLine.js
FN:3,canMoveInLine
FNF:1
FNH:0
FNDA:0,canMoveInLine
DA:1,1
DA:4,0
DA:5,0
DA:8,1
LF:4
LH:2
BRF:0
BRH:0
end_of_record
TN:
SF:projects/arrimate/countDots.js
FN:3,countDots
FNF:1
FNH:0
FNDA:0,countDots
DA:1,1
DA:4,0
DA:5,0
DA:6,0
DA:7,0
DA:8,0
DA:10,0
DA:11,0
DA:12,0
DA:15,0
DA:16,0
DA:19,0
DA:20,0
DA:21,0
DA:22,0
DA:24,0
DA:25,0
DA:26,0
DA:28,0
DA:32,0
LF:20
LH:1
BRDA:11,0,0,0
BRDA:11,0,1,0
BRDA:15,1,0,0
BRDA:15,1,1,0
BRDA:19,2,0,0
BRDA:19,2,1,0
BRDA:20,3,0,0
BRDA:20,3,1,0
BRDA:24,4,0,0
BRDA:24,4,1,0
BRF:10
BRH:0
end_of_record
